#
# There is insufficient memory for the Java Runtime Environment to continue.
# Native memory allocation (malloc) failed to allocate 32744 bytes. Error detail: Chunk::new
# Possible reasons:
#   The system is out of physical RAM or swap space
#   This process is running with CompressedOops enabled, and the Java Heap may be blocking the growth of the native heap
# Possible solutions:
#   Reduce memory load on the system
#   Increase physical memory or swap space
#   Check if swap backing store is full
#   Decrease Java heap size (-Xmx/-Xms)
#   Decrease number of Java threads
#   Decrease Java thread stack sizes (-Xss)
#   Set larger code cache with -XX:ReservedCodeCacheSize=
#   JVM is running with Unscaled Compressed Oops mode in which the Java heap is
#     placed in the first 4GB address space. The Java Heap base address is the
#     maximum limit for the native heap growth. Please use -XX:HeapBaseMinAddress
#     to set the Java Heap base and to place the Java Heap above 4GB virtual address.
# This output file may be truncated or incomplete.
#
#  Out of Memory Error (arena.cpp:168), pid=1216, tid=21156
#
# JRE version: OpenJDK Runtime Environment (21.0.7) (build 21.0.7+-13880790-b1038.58)
# Java VM: OpenJDK 64-Bit Server VM (21.0.7+-13880790-b1038.58, mixed mode, tiered, compressed oops, compressed class ptrs, g1 gc, windows-amd64)
# No core dump will be written. Minidumps are not enabled by default on client versions of Windows
#

---------------  S U M M A R Y ------------

Command Line: -Dorg.gradle.appname=gradlew org.gradle.wrapper.GradleWrapperMain -q -Ptarget-platform=android-arm64 -Ptarget=D:\MOBILE_PEMOGRAMAN\projek\biodata_app\lib\main.dart -Pbase-application-name=android.app.Application -Pdart-defines=Zmx1dHRlci5pbnNwZWN0b3Iuc3RydWN0dXJlZEVycm9ycz10cnVl,RkxVVFRFUl9WRVJTSU9OPTMuMzUuNA==,RkxVVFRFUl9DSEFOTkVMPXN0YWJsZQ==,RkxVVFRFUl9HSVRfVVJMPWh0dHBzOi8vZ2l0aHViLmNvbS9mbHV0dGVyL2ZsdXR0ZXIuZ2l0,RkxVVFRFUl9GUkFNRVdPUktfUkVWSVNJT049ZDY5M2I0YjlkYg==,RkxVVFRFUl9FTkdJTkVfUkVWSVNJT049YzI5ODA5MTM1MQ==,RkxVVFRFUl9EQVJUX1ZFUlNJT049My45LjI= -Pdart-obfuscation=false -Ptrack-widget-creation=true -Ptree-shake-icons=false -Pfilesystem-scheme=org-dartlang-root assembleDebug

Host: AMD Ryzen 3 7320U with Radeon Graphics         , 8 cores, 7G,  Windows 11 , 64 bit Build 22621 (10.0.22621.5262)
Time: Mon Oct 13 10:09:18 2025 SE Asia Standard Time elapsed time: 2.655195 seconds (0d 0h 0m 2s)

---------------  T H R E A D  ---------------

Current thread (0x000001f5656e2f40):  JavaThread "C1 CompilerThread0" daemon [_thread_in_native, id=21156, stack(0x0000003344b00000,0x0000003344c00000) (1024K)]


Current CompileTask:
C1:2655  517       3       java.util.regex.Pattern::escape (1310 bytes)

Stack: [0x0000003344b00000,0x0000003344c00000]
Native frames: (J=compiled Java code, j=interpreted, Vv=VM code, C=native code)
V  [jvm.dll+0x6d25c9]
V  [jvm.dll+0x860923]
V  [jvm.dll+0x862e7e]
V  [jvm.dll+0x863563]
V  [jvm.dll+0x27f156]
V  [jvm.dll+0xc002d]
V  [jvm.dll+0xc0563]
V  [jvm.dll+0xcd0fd]
V  [jvm.dll+0x17bb19]
V  [jvm.dll+0x1880f0]
V  [jvm.dll+0x1881fb]
V  [jvm.dll+0x17d40c]
V  [jvm.dll+0x17a54e]
V  [jvm.dll+0x168420]
V  [jvm.dll+0x150457]
V  [jvm.dll+0x14fd88]
V  [jvm.dll+0x14ffc6]
V  [jvm.dll+0x14f33f]
V  [jvm.dll+0x151161]
V  [jvm.dll+0x256bac]
V  [jvm.dll+0x2550f6]
V  [jvm.dll+0x3f1d16]
V  [jvm.dll+0x808d08]
V  [jvm.dll+0x6d0e1d]
C  [ucrtbase.dll+0x29333]
C  [KERNEL32.DLL+0x1259d]
C  [ntdll.dll+0x5af58]


---------------  P R O C E S S  ---------------

Threads class SMR info:
_java_thread_list=0x000001f565851080, length=11, elements={
0x000001f54bea2680, 0x000001f5656a8c10, 0x000001f5656aee70, 0x000001f5656afb90,
0x000001f5656acd50, 0x000001f5656ad7b0, 0x000001f5656ddfc0, 0x000001f5656dea20,
0x000001f5656e0490, 0x000001f5656e2f40, 0x000001f56587a8c0
}

Java Threads: ( => current thread )
  0x000001f54bea2680 JavaThread "main"                              [_thread_in_native, id=13100, stack(0x0000003343b00000,0x0000003343c00000) (1024K)]
  0x000001f5656a8c10 JavaThread "Common-Cleaner"             daemon [_thread_blocked, id=4476, stack(0x0000003344300000,0x0000003344400000) (1024K)]
  0x000001f5656aee70 JavaThread "Reference Handler"          daemon [_thread_blocked, id=15344, stack(0x0000003344400000,0x0000003344500000) (1024K)]
  0x000001f5656afb90 JavaThread "Finalizer"                  daemon [_thread_blocked, id=3340, stack(0x0000003344500000,0x0000003344600000) (1024K)]
  0x000001f5656acd50 JavaThread "Signal Dispatcher"          daemon [_thread_blocked, id=12056, stack(0x0000003344600000,0x0000003344700000) (1024K)]
  0x000001f5656ad7b0 JavaThread "Attach Listener"            daemon [_thread_blocked, id=16076, stack(0x0000003344700000,0x0000003344800000) (1024K)]
  0x000001f5656ddfc0 JavaThread "Service Thread"             daemon [_thread_blocked, id=11088, stack(0x0000003344800000,0x0000003344900000) (1024K)]
  0x000001f5656dea20 JavaThread "Monitor Deflation Thread"   daemon [_thread_blocked, id=21436, stack(0x0000003344900000,0x0000003344a00000) (1024K)]
  0x000001f5656e0490 JavaThread "C2 CompilerThread0"         daemon [_thread_blocked, id=10796, stack(0x0000003344a00000,0x0000003344b00000) (1024K)]
=>0x000001f5656e2f40 JavaThread "C1 CompilerThread0"         daemon [_thread_in_native, id=21156, stack(0x0000003344b00000,0x0000003344c00000) (1024K)]
  0x000001f56587a8c0 JavaThread "Notification Thread"        daemon [_thread_blocked, id=6360, stack(0x0000003344c00000,0x0000003344d00000) (1024K)]
Total: 11

Other Threads:
  0x000001f5654efeb0 VMThread "VM Thread"                           [id=4468, stack(0x0000003344200000,0x0000003344300000) (1024K)]
  0x000001f5654a7610 WatcherThread "VM Periodic Task Thread"        [id=10596, stack(0x0000003344100000,0x0000003344200000) (1024K)]
  0x000001f54e20c1a0 WorkerThread "GC Thread#0"                     [id=18880, stack(0x0000003343c00000,0x0000003343d00000) (1024K)]
  0x000001f54e21c390 ConcurrentGCThread "G1 Main Marker"            [id=18392, stack(0x0000003343d00000,0x0000003343e00000) (1024K)]
  0x000001f54e21ce90 WorkerThread "G1 Conc#0"                       [id=12452, stack(0x0000003343e00000,0x0000003343f00000) (1024K)]
  0x000001f54e27e6c0 ConcurrentGCThread "G1 Refine#0"               [id=11152, stack(0x0000003343f00000,0x0000003344000000) (1024K)]
  0x000001f565379370 ConcurrentGCThread "G1 Service"                [id=22172, stack(0x0000003344000000,0x0000003344100000) (1024K)]
Total: 7

Threads with active compile tasks:
C1 CompilerThread0  2711  517       3       java.util.regex.Pattern::escape (1310 bytes)
Total: 1

VM state: not at safepoint (normal execution)

VM Mutex/Monitor currently owned by a thread: None

Heap address: 0x000000008b800000, size: 1864 MB, Compressed Oops mode: 32-bit

CDS archive(s) not mapped
Compressed class space mapped at: 0x0000000100000000-0x0000000140000000, reserved size: 1073741824
Narrow klass base: 0x0000000000000000, Narrow klass shift: 3, Narrow klass range: 0x140000000

GC Precious Log:
 CardTable entry size: 512
 Card Set container configuration: InlinePtr #cards 5 size 8 Array Of Cards #cards 12 size 40 Howl #buckets 4 coarsen threshold 1843 Howl Bitmap #cards 512 size 80 coarsen threshold 460 Card regions per heap region 1 cards per card region 2048
 CPUs: 8 total, 8 available
 Memory: 7455M
 Large Page Support: Disabled
 NUMA Support: Disabled
 Compressed Oops: Enabled (32-bit)
 Heap Region Size: 1M
 Heap Min Capacity: 8M
 Heap Initial Capacity: 118M
 Heap Max Capacity: 1864M
 Pre-touch: Disabled
 Parallel Workers: 8
 Concurrent Workers: 2
 Concurrent Refinement Workers: 8
 Periodic GC: Disabled

Heap:
 garbage-first heap   total 120832K, used 12288K [0x000000008b800000, 0x0000000100000000)
  region size 1024K, 13 young (13312K), 0 survivors (0K)
 Metaspace       used 8524K, committed 8704K, reserved 1114112K
  class space    used 771K, committed 896K, reserved 1048576K

Heap Regions: E=young(eden), S=young(survivor), O=old, HS=humongous(starts), HC=humongous(continues), CS=collection set, F=free, TAMS=top-at-mark-start, PB=parsable bottom
|   0|0x000000008b800000, 0x000000008b800000, 0x000000008b900000|  0%| F|  |TAMS 0x000000008b800000| PB 0x000000008b800000| Untracked 
|   1|0x000000008b900000, 0x000000008b900000, 0x000000008ba00000|  0%| F|  |TAMS 0x000000008b900000| PB 0x000000008b900000| Untracked 
|   2|0x000000008ba00000, 0x000000008ba00000, 0x000000008bb00000|  0%| F|  |TAMS 0x000000008ba00000| PB 0x000000008ba00000| Untracked 
|   3|0x000000008bb00000, 0x000000008bb00000, 0x000000008bc00000|  0%| F|  |TAMS 0x000000008bb00000| PB 0x000000008bb00000| Untracked 
|   4|0x000000008bc00000, 0x000000008bc00000, 0x000000008bd00000|  0%| F|  |TAMS 0x000000008bc00000| PB 0x000000008bc00000| Untracked 
|   5|0x000000008bd00000, 0x000000008bd00000, 0x000000008be00000|  0%| F|  |TAMS 0x000000008bd00000| PB 0x000000008bd00000| Untracked 
|   6|0x000000008be00000, 0x000000008be00000, 0x000000008bf00000|  0%| F|  |TAMS 0x000000008be00000| PB 0x000000008be00000| Untracked 
|   7|0x000000008bf00000, 0x000000008bf00000, 0x000000008c000000|  0%| F|  |TAMS 0x000000008bf00000| PB 0x000000008bf00000| Untracked 
|   8|0x000000008c000000, 0x000000008c000000, 0x000000008c100000|  0%| F|  |TAMS 0x000000008c000000| PB 0x000000008c000000| Untracked 
|   9|0x000000008c100000, 0x000000008c100000, 0x000000008c200000|  0%| F|  |TAMS 0x000000008c100000| PB 0x000000008c100000| Untracked 
|  10|0x000000008c200000, 0x000000008c200000, 0x000000008c300000|  0%| F|  |TAMS 0x000000008c200000| PB 0x000000008c200000| Untracked 
|  11|0x000000008c300000, 0x000000008c300000, 0x000000008c400000|  0%| F|  |TAMS 0x000000008c300000| PB 0x000000008c300000| Untracked 
|  12|0x000000008c400000, 0x000000008c400000, 0x000000008c500000|  0%| F|  |TAMS 0x000000008c400000| PB 0x000000008c400000| Untracked 
|  13|0x000000008c500000, 0x000000008c500000, 0x000000008c600000|  0%| F|  |TAMS 0x000000008c500000| PB 0x000000008c500000| Untracked 
|  14|0x000000008c600000, 0x000000008c600000, 0x000000008c700000|  0%| F|  |TAMS 0x000000008c600000| PB 0x000000008c600000| Untracked 
|  15|0x000000008c700000, 0x000000008c700000, 0x000000008c800000|  0%| F|  |TAMS 0x000000008c700000| PB 0x000000008c700000| Untracked 
|  16|0x000000008c800000, 0x000000008c800000, 0x000000008c900000|  0%| F|  |TAMS 0x000000008c800000| PB 0x000000008c800000| Untracked 
|  17|0x000000008c900000, 0x000000008c900000, 0x000000008ca00000|  0%| F|  |TAMS 0x000000008c900000| PB 0x000000008c900000| Untracked 
|  18|0x000000008ca00000, 0x000000008ca00000, 0x000000008cb00000|  0%| F|  |TAMS 0x000000008ca00000| PB 0x000000008ca00000| Untracked 
|  19|0x000000008cb00000, 0x000000008cb00000, 0x000000008cc00000|  0%| F|  |TAMS 0x000000008cb00000| PB 0x000000008cb00000| Untracked 
|  20|0x000000008cc00000, 0x000000008cc00000, 0x000000008cd00000|  0%| F|  |TAMS 0x000000008cc00000| PB 0x000000008cc00000| Untracked 
|  21|0x000000008cd00000, 0x000000008cd00000, 0x000000008ce00000|  0%| F|  |TAMS 0x000000008cd00000| PB 0x000000008cd00000| Untracked 
|  22|0x000000008ce00000, 0x000000008ce00000, 0x000000008cf00000|  0%| F|  |TAMS 0x000000008ce00000| PB 0x000000008ce00000| Untracked 
|  23|0x000000008cf00000, 0x000000008cf00000, 0x000000008d000000|  0%| F|  |TAMS 0x000000008cf00000| PB 0x000000008cf00000| Untracked 
|  24|0x000000008d000000, 0x000000008d000000, 0x000000008d100000|  0%| F|  |TAMS 0x000000008d000000| PB 0x000000008d000000| Untracked 
|  25|0x000000008d100000, 0x000000008d100000, 0x000000008d200000|  0%| F|  |TAMS 0x000000008d100000| PB 0x000000008d100000| Untracked 
|  26|0x000000008d200000, 0x000000008d200000, 0x000000008d300000|  0%| F|  |TAMS 0x000000008d200000| PB 0x000000008d200000| Untracked 
|  27|0x000000008d300000, 0x000000008d300000, 0x000000008d400000|  0%| F|  |TAMS 0x000000008d300000| PB 0x000000008d300000| Untracked 
|  28|0x000000008d400000, 0x000000008d400000, 0x000000008d500000|  0%| F|  |TAMS 0x000000008d400000| PB 0x000000008d400000| Untracked 
|  29|0x000000008d500000, 0x000000008d500000, 0x000000008d600000|  0%| F|  |TAMS 0x000000008d500000| PB 0x000000008d500000| Untracked 
|  30|0x000000008d600000, 0x000000008d600000, 0x000000008d700000|  0%| F|  |TAMS 0x000000008d600000| PB 0x000000008d600000| Untracked 
|  31|0x000000008d700000, 0x000000008d700000, 0x000000008d800000|  0%| F|  |TAMS 0x000000008d700000| PB 0x000000008d700000| Untracked 
|  32|0x000000008d800000, 0x000000008d800000, 0x000000008d900000|  0%| F|  |TAMS 0x000000008d800000| PB 0x000000008d800000| Untracked 
|  33|0x000000008d900000, 0x000000008d900000, 0x000000008da00000|  0%| F|  |TAMS 0x000000008d900000| PB 0x000000008d900000| Untracked 
|  34|0x000000008da00000, 0x000000008da00000, 0x000000008db00000|  0%| F|  |TAMS 0x000000008da00000| PB 0x000000008da00000| Untracked 
|  35|0x000000008db00000, 0x000000008db00000, 0x000000008dc00000|  0%| F|  |TAMS 0x000000008db00000| PB 0x000000008db00000| Untracked 
|  36|0x000000008dc00000, 0x000000008dc00000, 0x000000008dd00000|  0%| F|  |TAMS 0x000000008dc00000| PB 0x000000008dc00000| Untracked 
|  37|0x000000008dd00000, 0x000000008dd00000, 0x000000008de00000|  0%| F|  |TAMS 0x000000008dd00000| PB 0x000000008dd00000| Untracked 
|  38|0x000000008de00000, 0x000000008de00000, 0x000000008df00000|  0%| F|  |TAMS 0x000000008de00000| PB 0x000000008de00000| Untracked 
|  39|0x000000008df00000, 0x000000008df00000, 0x000000008e000000|  0%| F|  |TAMS 0x000000008df00000| PB 0x000000008df00000| Untracked 
|  40|0x000000008e000000, 0x000000008e000000, 0x000000008e100000|  0%| F|  |TAMS 0x000000008e000000| PB 0x000000008e000000| Untracked 
|  41|0x000000008e100000, 0x000000008e100000, 0x000000008e200000|  0%| F|  |TAMS 0x000000008e100000| PB 0x000000008e100000| Untracked 
|  42|0x000000008e200000, 0x000000008e200000, 0x000000008e300000|  0%| F|  |TAMS 0x000000008e200000| PB 0x000000008e200000| Untracked 
|  43|0x000000008e300000, 0x000000008e300000, 0x000000008e400000|  0%| F|  |TAMS 0x000000008e300000| PB 0x000000008e300000| Untracked 
|  44|0x000000008e400000, 0x000000008e400000, 0x000000008e500000|  0%| F|  |TAMS 0x000000008e400000| PB 0x000000008e400000| Untracked 
|  45|0x000000008e500000, 0x000000008e500000, 0x000000008e600000|  0%| F|  |TAMS 0x000000008e500000| PB 0x000000008e500000| Untracked 
|  46|0x000000008e600000, 0x000000008e600000, 0x000000008e700000|  0%| F|  |TAMS 0x000000008e600000| PB 0x000000008e600000| Untracked 
|  47|0x000000008e700000, 0x000000008e700000, 0x000000008e800000|  0%| F|  |TAMS 0x000000008e700000| PB 0x000000008e700000| Untracked 
|  48|0x000000008e800000, 0x000000008e800000, 0x000000008e900000|  0%| F|  |TAMS 0x000000008e800000| PB 0x000000008e800000| Untracked 
|  49|0x000000008e900000, 0x000000008e900000, 0x000000008ea00000|  0%| F|  |TAMS 0x000000008e900000| PB 0x000000008e900000| Untracked 
|  50|0x000000008ea00000, 0x000000008ea00000, 0x000000008eb00000|  0%| F|  |TAMS 0x000000008ea00000| PB 0x000000008ea00000| Untracked 
|  51|0x000000008eb00000, 0x000000008eb00000, 0x000000008ec00000|  0%| F|  |TAMS 0x000000008eb00000| PB 0x000000008eb00000| Untracked 
|  52|0x000000008ec00000, 0x000000008ec00000, 0x000000008ed00000|  0%| F|  |TAMS 0x000000008ec00000| PB 0x000000008ec00000| Untracked 
|  53|0x000000008ed00000, 0x000000008ed00000, 0x000000008ee00000|  0%| F|  |TAMS 0x000000008ed00000| PB 0x000000008ed00000| Untracked 
|  54|0x000000008ee00000, 0x000000008ee00000, 0x000000008ef00000|  0%| F|  |TAMS 0x000000008ee00000| PB 0x000000008ee00000| Untracked 
|  55|0x000000008ef00000, 0x000000008ef00000, 0x000000008f000000|  0%| F|  |TAMS 0x000000008ef00000| PB 0x000000008ef00000| Untracked 
|  56|0x000000008f000000, 0x000000008f000000, 0x000000008f100000|  0%| F|  |TAMS 0x000000008f000000| PB 0x000000008f000000| Untracked 
|  57|0x000000008f100000, 0x000000008f100000, 0x000000008f200000|  0%| F|  |TAMS 0x000000008f100000| PB 0x000000008f100000| Untracked 
|  58|0x000000008f200000, 0x000000008f200000, 0x000000008f300000|  0%| F|  |TAMS 0x000000008f200000| PB 0x000000008f200000| Untracked 
|  59|0x000000008f300000, 0x000000008f300000, 0x000000008f400000|  0%| F|  |TAMS 0x000000008f300000| PB 0x000000008f300000| Untracked 
|  60|0x000000008f400000, 0x000000008f400000, 0x000000008f500000|  0%| F|  |TAMS 0x000000008f400000| PB 0x000000008f400000| Untracked 
|  61|0x000000008f500000, 0x000000008f500000, 0x000000008f600000|  0%| F|  |TAMS 0x000000008f500000| PB 0x000000008f500000| Untracked 
|  62|0x000000008f600000, 0x000000008f600000, 0x000000008f700000|  0%| F|  |TAMS 0x000000008f600000| PB 0x000000008f600000| Untracked 
|  63|0x000000008f700000, 0x000000008f700000, 0x000000008f800000|  0%| F|  |TAMS 0x000000008f700000| PB 0x000000008f700000| Untracked 
|  64|0x000000008f800000, 0x000000008f800000, 0x000000008f900000|  0%| F|  |TAMS 0x000000008f800000| PB 0x000000008f800000| Untracked 
|  65|0x000000008f900000, 0x000000008f900000, 0x000000008fa00000|  0%| F|  |TAMS 0x000000008f900000| PB 0x000000008f900000| Untracked 
|  66|0x000000008fa00000, 0x000000008fa00000, 0x000000008fb00000|  0%| F|  |TAMS 0x000000008fa00000| PB 0x000000008fa00000| Untracked 
|  67|0x000000008fb00000, 0x000000008fb00000, 0x000000008fc00000|  0%| F|  |TAMS 0x000000008fb00000| PB 0x000000008fb00000| Untracked 
|  68|0x000000008fc00000, 0x000000008fc00000, 0x000000008fd00000|  0%| F|  |TAMS 0x000000008fc00000| PB 0x000000008fc00000| Untracked 
|  69|0x000000008fd00000, 0x000000008fd00000, 0x000000008fe00000|  0%| F|  |TAMS 0x000000008fd00000| PB 0x000000008fd00000| Untracked 
|  70|0x000000008fe00000, 0x000000008fe00000, 0x000000008ff00000|  0%| F|  |TAMS 0x000000008fe00000| PB 0x000000008fe00000| Untracked 
|  71|0x000000008ff00000, 0x000000008ff00000, 0x0000000090000000|  0%| F|  |TAMS 0x000000008ff00000| PB 0x000000008ff00000| Untracked 
|  72|0x0000000090000000, 0x0000000090000000, 0x0000000090100000|  0%| F|  |TAMS 0x0000000090000000| PB 0x0000000090000000| Untracked 
|  73|0x0000000090100000, 0x0000000090100000, 0x0000000090200000|  0%| F|  |TAMS 0x0000000090100000| PB 0x0000000090100000| Untracked 
|  74|0x0000000090200000, 0x0000000090200000, 0x0000000090300000|  0%| F|  |TAMS 0x0000000090200000| PB 0x0000000090200000| Untracked 
|  75|0x0000000090300000, 0x0000000090300000, 0x0000000090400000|  0%| F|  |TAMS 0x0000000090300000| PB 0x0000000090300000| Untracked 
|  76|0x0000000090400000, 0x0000000090400000, 0x0000000090500000|  0%| F|  |TAMS 0x0000000090400000| PB 0x0000000090400000| Untracked 
|  77|0x0000000090500000, 0x0000000090500000, 0x0000000090600000|  0%| F|  |TAMS 0x0000000090500000| PB 0x0000000090500000| Untracked 
|  78|0x0000000090600000, 0x0000000090600000, 0x0000000090700000|  0%| F|  |TAMS 0x0000000090600000| PB 0x0000000090600000| Untracked 
|  79|0x0000000090700000, 0x0000000090700000, 0x0000000090800000|  0%| F|  |TAMS 0x0000000090700000| PB 0x0000000090700000| Untracked 
|  80|0x0000000090800000, 0x0000000090800000, 0x0000000090900000|  0%| F|  |TAMS 0x0000000090800000| PB 0x0000000090800000| Untracked 
|  81|0x0000000090900000, 0x0000000090900000, 0x0000000090a00000|  0%| F|  |TAMS 0x0000000090900000| PB 0x0000000090900000| Untracked 
|  82|0x0000000090a00000, 0x0000000090a00000, 0x0000000090b00000|  0%| F|  |TAMS 0x0000000090a00000| PB 0x0000000090a00000| Untracked 
|  83|0x0000000090b00000, 0x0000000090b00000, 0x0000000090c00000|  0%| F|  |TAMS 0x0000000090b00000| PB 0x0000000090b00000| Untracked 
|  84|0x0000000090c00000, 0x0000000090c00000, 0x0000000090d00000|  0%| F|  |TAMS 0x0000000090c00000| PB 0x0000000090c00000| Untracked 
|  85|0x0000000090d00000, 0x0000000090d00000, 0x0000000090e00000|  0%| F|  |TAMS 0x0000000090d00000| PB 0x0000000090d00000| Untracked 
|  86|0x0000000090e00000, 0x0000000090e00000, 0x0000000090f00000|  0%| F|  |TAMS 0x0000000090e00000| PB 0x0000000090e00000| Untracked 
|  87|0x0000000090f00000, 0x0000000090f00000, 0x0000000091000000|  0%| F|  |TAMS 0x0000000090f00000| PB 0x0000000090f00000| Untracked 
|  88|0x0000000091000000, 0x0000000091000000, 0x0000000091100000|  0%| F|  |TAMS 0x0000000091000000| PB 0x0000000091000000| Untracked 
|  89|0x0000000091100000, 0x0000000091100000, 0x0000000091200000|  0%| F|  |TAMS 0x0000000091100000| PB 0x0000000091100000| Untracked 
|  90|0x0000000091200000, 0x0000000091200000, 0x0000000091300000|  0%| F|  |TAMS 0x0000000091200000| PB 0x0000000091200000| Untracked 
|  91|0x0000000091300000, 0x0000000091300000, 0x0000000091400000|  0%| F|  |TAMS 0x0000000091300000| PB 0x0000000091300000| Untracked 
|  92|0x0000000091400000, 0x0000000091400000, 0x0000000091500000|  0%| F|  |TAMS 0x0000000091400000| PB 0x0000000091400000| Untracked 
|  93|0x0000000091500000, 0x0000000091500000, 0x0000000091600000|  0%| F|  |TAMS 0x0000000091500000| PB 0x0000000091500000| Untracked 
|  94|0x0000000091600000, 0x0000000091600000, 0x0000000091700000|  0%| F|  |TAMS 0x0000000091600000| PB 0x0000000091600000| Untracked 
|  95|0x0000000091700000, 0x0000000091700000, 0x0000000091800000|  0%| F|  |TAMS 0x0000000091700000| PB 0x0000000091700000| Untracked 
|  96|0x0000000091800000, 0x0000000091800000, 0x0000000091900000|  0%| F|  |TAMS 0x0000000091800000| PB 0x0000000091800000| Untracked 
|  97|0x0000000091900000, 0x0000000091900000, 0x0000000091a00000|  0%| F|  |TAMS 0x0000000091900000| PB 0x0000000091900000| Untracked 
|  98|0x0000000091a00000, 0x0000000091a00000, 0x0000000091b00000|  0%| F|  |TAMS 0x0000000091a00000| PB 0x0000000091a00000| Untracked 
|  99|0x0000000091b00000, 0x0000000091b00000, 0x0000000091c00000|  0%| F|  |TAMS 0x0000000091b00000| PB 0x0000000091b00000| Untracked 
| 100|0x0000000091c00000, 0x0000000091c00000, 0x0000000091d00000|  0%| F|  |TAMS 0x0000000091c00000| PB 0x0000000091c00000| Untracked 
| 101|0x0000000091d00000, 0x0000000091d00000, 0x0000000091e00000|  0%| F|  |TAMS 0x0000000091d00000| PB 0x0000000091d00000| Untracked 
| 102|0x0000000091e00000, 0x0000000091e00000, 0x0000000091f00000|  0%| F|  |TAMS 0x0000000091e00000| PB 0x0000000091e00000| Untracked 
| 103|0x0000000091f00000, 0x0000000091f00000, 0x0000000092000000|  0%| F|  |TAMS 0x0000000091f00000| PB 0x0000000091f00000| Untracked 
| 104|0x0000000092000000, 0x0000000092000000, 0x0000000092100000|  0%| F|  |TAMS 0x0000000092000000| PB 0x0000000092000000| Untracked 
| 105|0x0000000092100000, 0x0000000092176548, 0x0000000092200000| 46%| E|  |TAMS 0x0000000092100000| PB 0x0000000092100000| Complete 
| 106|0x0000000092200000, 0x0000000092300000, 0x0000000092300000|100%| E|CS|TAMS 0x0000000092200000| PB 0x0000000092200000| Complete 
| 107|0x0000000092300000, 0x0000000092400000, 0x0000000092400000|100%| E|CS|TAMS 0x0000000092300000| PB 0x0000000092300000| Complete 
| 108|0x0000000092400000, 0x0000000092500000, 0x0000000092500000|100%| E|CS|TAMS 0x0000000092400000| PB 0x0000000092400000| Complete 
| 109|0x0000000092500000, 0x0000000092600000, 0x0000000092600000|100%| E|CS|TAMS 0x0000000092500000| PB 0x0000000092500000| Complete 
| 110|0x0000000092600000, 0x0000000092700000, 0x0000000092700000|100%| E|CS|TAMS 0x0000000092600000| PB 0x0000000092600000| Complete 
| 111|0x0000000092700000, 0x0000000092800000, 0x0000000092800000|100%| E|CS|TAMS 0x0000000092700000| PB 0x0000000092700000| Complete 
| 112|0x0000000092800000, 0x0000000092900000, 0x0000000092900000|100%| E|CS|TAMS 0x0000000092800000| PB 0x0000000092800000| Complete 
| 113|0x0000000092900000, 0x0000000092a00000, 0x0000000092a00000|100%| E|CS|TAMS 0x0000000092900000| PB 0x0000000092900000| Complete 
| 114|0x0000000092a00000, 0x0000000092b00000, 0x0000000092b00000|100%| E|CS|TAMS 0x0000000092a00000| PB 0x0000000092a00000| Complete 
| 115|0x0000000092b00000, 0x0000000092c00000, 0x0000000092c00000|100%| E|CS|TAMS 0x0000000092b00000| PB 0x0000000092b00000| Complete 
| 116|0x0000000092c00000, 0x0000000092d00000, 0x0000000092d00000|100%| E|CS|TAMS 0x0000000092c00000| PB 0x0000000092c00000| Complete 
| 117|0x0000000092d00000, 0x0000000092e00000, 0x0000000092e00000|100%| E|CS|TAMS 0x0000000092d00000| PB 0x0000000092d00000| Complete 

Card table byte_map: [0x000001f5609f0000,0x000001f560da0000] _byte_map_base: 0x000001f560594000

Marking Bits: (CMBitMap*) 0x000001f54e20c8a0
 Bits: [0x000001f560da0000, 0x000001f562ac0000)

Polling page: 0x000001f54c080000

Metaspace:

Usage:
  Non-class:      7.57 MB used.
      Class:    771.62 KB used.
       Both:      8.32 MB used.

Virtual space:
  Non-class space:       64.00 MB reserved,       7.62 MB ( 12%) committed,  1 nodes.
      Class space:        1.00 GB reserved,     896.00 KB ( <1%) committed,  1 nodes.
             Both:        1.06 GB reserved,       8.50 MB ( <1%) committed. 

Chunk freelists:
   Non-Class:  8.27 MB
       Class:  15.19 MB
        Both:  23.45 MB

MaxMetaspaceSize: unlimited
CompressedClassSpaceSize: 1.00 GB
Initial GC threshold: 21.00 MB
Current GC threshold: 21.00 MB
CDS: off
 - commit_granule_bytes: 65536.
 - commit_granule_words: 8192.
 - virtual_space_node_default_size: 8388608.
 - enlarge_chunks_in_place: 1.
 - use_allocation_guard: 0.


Internal statistics:

num_allocs_failed_limit: 0.
num_arena_births: 20.
num_arena_deaths: 0.
num_vsnodes_births: 2.
num_vsnodes_deaths: 0.
num_space_committed: 136.
num_space_uncommitted: 0.
num_chunks_returned_to_freelist: 0.
num_chunks_taken_from_freelist: 61.
num_chunk_merges: 0.
num_chunk_splits: 34.
num_chunks_enlarged: 25.
num_inconsistent_stats: 0.

CodeHeap 'non-profiled nmethods': size=120000Kb used=175Kb max_used=175Kb free=119824Kb
 bounds [0x000001f558de0000, 0x000001f559050000, 0x000001f560310000]
CodeHeap 'profiled nmethods': size=120000Kb used=763Kb max_used=763Kb free=119236Kb
 bounds [0x000001f551310000, 0x000001f551580000, 0x000001f558840000]
CodeHeap 'non-nmethods': size=5760Kb used=1298Kb max_used=1316Kb free=4462Kb
 bounds [0x000001f558840000, 0x000001f558ab0000, 0x000001f558de0000]
 total_blobs=947 nmethods=517 adapters=335
 compilation: enabled
              stopped_count=0, restarted_count=0
 full_count=0

Compilation events (20 events):
Event: 2.612 Thread 0x000001f5656e2f40 nmethod 506 0x000001f5513cc510 code [0x000001f5513cc700, 0x000001f5513ccc20]
Event: 2.612 Thread 0x000001f5656e2f40  508   !   3       jdk.internal.ref.PhantomCleanable::remove (60 bytes)
Event: 2.612 Thread 0x000001f5656e2f40 nmethod 508 0x000001f5513cce10 code [0x000001f5513ccfe0, 0x000001f5513cd400]
Event: 2.612 Thread 0x000001f5656e2f40  507       3       jdk.internal.ref.CleanerImpl$PhantomCleanableRef::<init> (12 bytes)
Event: 2.612 Thread 0x000001f5656e2f40 nmethod 507 0x000001f5513cd590 code [0x000001f5513cd740, 0x000001f5513cd8e0]
Event: 2.614 Thread 0x000001f5656e0490 nmethod 504 0x000001f558e07890 code [0x000001f558e07a40, 0x000001f558e07ca0]
Event: 2.614 Thread 0x000001f5656e0490  505       4       java.util.zip.ZipFile$Source::nextEntryPos (22 bytes)
Event: 2.615 Thread 0x000001f5656e0490 nmethod 505 0x000001f558e07e90 code [0x000001f558e08020, 0x000001f558e08180]
Event: 2.616 Thread 0x000001f5656e0490  509       4       sun.nio.fs.WindowsPathParser::isInvalidPathChar (22 bytes)
Event: 2.617 Thread 0x000001f5656e0490 nmethod 509 0x000001f558e08310 code [0x000001f558e084a0, 0x000001f558e08658]
Event: 2.621 Thread 0x000001f5656e0490  510       4       java.util.regex.Pattern::has (15 bytes)
Event: 2.621 Thread 0x000001f5656e0490 nmethod 510 0x000001f558e08810 code [0x000001f558e089a0, 0x000001f558e08a30]
Event: 2.628 Thread 0x000001f5656e0490  511 %     4       java.util.Properties$LineReader::readLine @ 53 (584 bytes)
Event: 2.630 Thread 0x000001f5656e2f40  513       3       java.util.regex.Pattern$Slice::<init> (6 bytes)
Event: 2.631 Thread 0x000001f5656e2f40 nmethod 513 0x000001f5513cd990 code [0x000001f5513cdb40, 0x000001f5513cde30]
Event: 2.631 Thread 0x000001f5656e2f40  514       3       java.util.regex.Pattern$SliceNode::<init> (10 bytes)
Event: 2.631 Thread 0x000001f5656e2f40 nmethod 514 0x000001f5513cdf90 code [0x000001f5513ce140, 0x000001f5513ce3d0]
Event: 2.639 Thread 0x000001f5656e2f40  515       3       java.util.Properties::getProperty (50 bytes)
Event: 2.639 Thread 0x000001f5656e2f40 nmethod 515 0x000001f5513ce490 code [0x000001f5513ce680, 0x000001f5513ceb40]
Event: 2.639 Thread 0x000001f5656e2f40  517       3       java.util.regex.Pattern::escape (1310 bytes)

GC Heap History (0 events):
No events

Dll operation events (3 events):
Event: 0.044 Loaded shared library D:\Program Files\Android\Android Studio\jbr\bin\java.dll
Event: 0.096 Loaded shared library D:\Program Files\Android\Android Studio\jbr\bin\zip.dll
Event: 0.801 Loaded shared library D:\Program Files\Android\Android Studio\jbr\bin\verify.dll

Deoptimization events (12 events):
Event: 1.719 Thread 0x000001f54bea2680 DEOPT PACKING pc=0x000001f551328ecc sp=0x0000003343bfe540
Event: 1.719 Thread 0x000001f54bea2680 DEOPT UNPACKING pc=0x000001f558894e42 sp=0x0000003343bfd960 mode 0
Event: 1.795 Thread 0x000001f54bea2680 DEOPT PACKING pc=0x000001f55132624c sp=0x0000003343bfe510
Event: 1.795 Thread 0x000001f54bea2680 DEOPT UNPACKING pc=0x000001f558894e42 sp=0x0000003343bfd978 mode 0
Event: 1.996 Thread 0x000001f54bea2680 DEOPT PACKING pc=0x000001f551347df9 sp=0x0000003343bfe490
Event: 1.996 Thread 0x000001f54bea2680 DEOPT UNPACKING pc=0x000001f558894e42 sp=0x0000003343bfd900 mode 0
Event: 2.071 Thread 0x000001f54bea2680 DEOPT PACKING pc=0x000001f551362f43 sp=0x0000003343bfe490
Event: 2.071 Thread 0x000001f54bea2680 DEOPT UNPACKING pc=0x000001f558894e42 sp=0x0000003343bfd908 mode 0
Event: 2.367 Thread 0x000001f54bea2680 DEOPT PACKING pc=0x000001f55137ac3a sp=0x0000003343bfe370
Event: 2.368 Thread 0x000001f54bea2680 DEOPT UNPACKING pc=0x000001f558894e42 sp=0x0000003343bfd830 mode 0
Event: 2.368 Thread 0x000001f54bea2680 DEOPT PACKING pc=0x000001f55137ac3a sp=0x0000003343bfe370
Event: 2.368 Thread 0x000001f54bea2680 DEOPT UNPACKING pc=0x000001f558894e42 sp=0x0000003343bfd830 mode 0

Classes loaded (20 events):
Event: 2.132 Loading class java/util/Collections$UnmodifiableCollection done
Event: 2.132 Loading class java/util/Collections$UnmodifiableList done
Event: 2.133 Loading class java/util/Collections$UnmodifiableRandomAccessList
Event: 2.133 Loading class java/util/Collections$UnmodifiableRandomAccessList done
Event: 2.136 Loading class java/lang/IndexOutOfBoundsException
Event: 2.136 Loading class java/lang/IndexOutOfBoundsException done
Event: 2.144 Loading class java/util/AbstractList$Itr
Event: 2.145 Loading class java/util/AbstractList$Itr done
Event: 2.193 Loading class java/util/zip/ZipException
Event: 2.193 Loading class java/util/zip/ZipException done
Event: 2.196 Loading class java/util/ArrayList$SubList
Event: 2.196 Loading class java/util/ArrayList$SubList done
Event: 2.219 Loading class java/util/Collections$UnmodifiableCollection$1
Event: 2.219 Loading class java/util/Collections$UnmodifiableCollection$1 done
Event: 2.222 Loading class java/util/Collections$SingletonSet
Event: 2.222 Loading class java/util/Collections$SingletonSet done
Event: 2.222 Loading class java/util/Collections$1
Event: 2.222 Loading class java/util/Collections$1 done
Event: 2.232 Loading class java/lang/invoke/DirectMethodHandle$Special
Event: 2.233 Loading class java/lang/invoke/DirectMethodHandle$Special done

Classes unloaded (0 events):
No events

Classes redefined (0 events):
No events

Internal exceptions (2 events):
Event: 1.608 Thread 0x000001f54bea2680 Exception <a 'java/lang/NoSuchMethodError'{0x0000000092a66098}: 'void java.lang.invoke.DirectMethodHandle$Holder.invokeSpecial(java.lang.Object, java.lang.Object, java.lang.Object)'> (0x0000000092a66098) 
thrown [s\src\hotspot\share\interpreter\linkResolver.cpp, line 784]
Event: 2.231 Thread 0x000001f54bea2680 Exception <a 'java/lang/NoSuchMethodError'{0x000000009299da58}: 'int java.lang.invoke.DirectMethodHandle$Holder.invokeSpecial(java.lang.Object, java.lang.Object, java.lang.Object, java.lang.Object)'> (0x000000009299da58) 
thrown [s\src\hotspot\share\interpreter\linkResolver.cpp, line 784]

ZGC Phase Switch (0 events):
No events

VM Operations (4 events):
Event: 0.762 Executing VM operation: HandshakeAllThreads (Deoptimize)
Event: 0.762 Executing VM operation: HandshakeAllThreads (Deoptimize) done
Event: 1.767 Executing VM operation: Cleanup
Event: 1.767 Executing VM operation: Cleanup done

Memory protections (0 events):
No events

Nmethod flushes (0 events):
No events

Events (15 events):
Event: 0.083 Thread 0x000001f54bea2680 Thread added: 0x000001f54bea2680
Event: 0.452 Thread 0x000001f54bea2680 Thread added: 0x000001f5656a8c10
Event: 0.495 Thread 0x000001f54bea2680 Thread added: 0x000001f5656aee70
Event: 0.496 Thread 0x000001f54bea2680 Thread added: 0x000001f5656afb90
Event: 0.521 Thread 0x000001f54bea2680 Thread added: 0x000001f5656acd50
Event: 0.521 Thread 0x000001f54bea2680 Thread added: 0x000001f5656ad7b0
Event: 0.521 Thread 0x000001f54bea2680 Thread added: 0x000001f5656ddfc0
Event: 0.521 Thread 0x000001f54bea2680 Thread added: 0x000001f5656dea20
Event: 0.521 Thread 0x000001f54bea2680 Thread added: 0x000001f5656e0490
Event: 0.523 Thread 0x000001f54bea2680 Thread added: 0x000001f5656e2f40
Event: 0.630 Thread 0x000001f54bea2680 Thread added: 0x000001f56587a8c0
Event: 0.698 Loaded shared library D:\Program Files\Android\Android Studio\jbr\bin\net.dll
Event: 0.711 Loaded shared library D:\Program Files\Android\Android Studio\jbr\bin\nio.dll
Event: 0.751 Loaded shared library D:\Program Files\Android\Android Studio\jbr\bin\zip.dll
Event: 0.999 Loaded shared library D:\Program Files\Android\Android Studio\jbr\bin\jimage.dll


Dynamic libraries:
0x00007ff7e8f30000 - 0x00007ff7e8f3a000 	D:\Program Files\Android\Android Studio\jbr\bin\java.exe
0x00007ffc98470000 - 0x00007ffc98687000 	C:\Windows\SYSTEM32\ntdll.dll
0x00007ffc96480000 - 0x00007ffc96544000 	C:\Windows\System32\KERNEL32.DLL
0x00007ffc95930000 - 0x00007ffc95d03000 	C:\Windows\System32\KERNELBASE.dll
0x00007ffc95fe0000 - 0x00007ffc960f1000 	C:\Windows\System32\ucrtbase.dll
0x00007ffc878d0000 - 0x00007ffc878e8000 	D:\Program Files\Android\Android Studio\jbr\bin\jli.dll
0x00007ffc961e0000 - 0x00007ffc96391000 	C:\Windows\System32\USER32.dll
0x00007ffc95880000 - 0x00007ffc958a6000 	C:\Windows\System32\win32u.dll
0x00007ffc83f70000 - 0x00007ffc83f8b000 	D:\Program Files\Android\Android Studio\jbr\bin\VCRUNTIME140.dll
0x00007ffc97be0000 - 0x00007ffc97c09000 	C:\Windows\System32\GDI32.dll
0x00007ffc95750000 - 0x00007ffc95872000 	C:\Windows\System32\gdi32full.dll
0x00007ffc95e80000 - 0x00007ffc95f1a000 	C:\Windows\System32\msvcp_win.dll
0x00007ffc82c50000 - 0x00007ffc82eeb000 	C:\Windows\WinSxS\amd64_microsoft.windows.common-controls_6595b64144ccf1df_6.0.22621.5262_none_2712bde373830908\COMCTL32.dll
0x00007ffc97ff0000 - 0x00007ffc98097000 	C:\Windows\System32\msvcrt.dll
0x00007ffc96550000 - 0x00007ffc96581000 	C:\Windows\System32\IMM32.DLL
0x00007ffc88780000 - 0x00007ffc8878c000 	D:\Program Files\Android\Android Studio\jbr\bin\vcruntime140_1.dll
0x00007ffc67410000 - 0x00007ffc6749d000 	D:\Program Files\Android\Android Studio\jbr\bin\msvcp140.dll
0x00007ffc22830000 - 0x00007ffc234be000 	D:\Program Files\Android\Android Studio\jbr\bin\server\jvm.dll
0x00007ffc96120000 - 0x00007ffc961d1000 	C:\Windows\System32\ADVAPI32.dll
0x00007ffc96590000 - 0x00007ffc96637000 	C:\Windows\System32\sechost.dll
0x00007ffc95d10000 - 0x00007ffc95d38000 	C:\Windows\System32\bcrypt.dll
0x00007ffc981b0000 - 0x00007ffc982c4000 	C:\Windows\System32\RPCRT4.dll
0x00007ffc97130000 - 0x00007ffc971a1000 	C:\Windows\System32\WS2_32.dll
0x00007ffc94de0000 - 0x00007ffc94e2d000 	C:\Windows\SYSTEM32\POWRPROF.dll
0x00007ffc914e0000 - 0x00007ffc91514000 	C:\Windows\SYSTEM32\WINMM.dll
0x00007ffc917d0000 - 0x00007ffc917da000 	C:\Windows\SYSTEM32\VERSION.dll
0x00007ffc94dc0000 - 0x00007ffc94dd3000 	C:\Windows\SYSTEM32\UMPDC.dll
0x00007ffc945a0000 - 0x00007ffc945b8000 	C:\Windows\SYSTEM32\kernel.appcore.dll
0x00007ffc862a0000 - 0x00007ffc862aa000 	D:\Program Files\Android\Android Studio\jbr\bin\jimage.dll
0x00007ffc90690000 - 0x00007ffc908c2000 	C:\Windows\SYSTEM32\DBGHELP.DLL
0x00007ffc97650000 - 0x00007ffc979e3000 	C:\Windows\System32\combase.dll
0x00007ffc963a0000 - 0x00007ffc96477000 	C:\Windows\System32\OLEAUT32.dll
0x00007ffc77f50000 - 0x00007ffc77f82000 	C:\Windows\SYSTEM32\dbgcore.DLL
0x00007ffc956d0000 - 0x00007ffc9574b000 	C:\Windows\System32\bcryptPrimitives.dll
0x00007ffc82ab0000 - 0x00007ffc82ad0000 	D:\Program Files\Android\Android Studio\jbr\bin\java.dll
0x00007ffc81480000 - 0x00007ffc81498000 	D:\Program Files\Android\Android Studio\jbr\bin\zip.dll
0x00007ffc96640000 - 0x00007ffc96edd000 	C:\Windows\System32\SHELL32.dll
0x00007ffc95d40000 - 0x00007ffc95e7f000 	C:\Windows\System32\wintypes.dll
0x00007ffc934a0000 - 0x00007ffc93dbd000 	C:\Windows\SYSTEM32\windows.storage.dll
0x00007ffc97ad0000 - 0x00007ffc97bdb000 	C:\Windows\System32\SHCORE.dll
0x00007ffc97f20000 - 0x00007ffc97f86000 	C:\Windows\System32\shlwapi.dll
0x00007ffc95490000 - 0x00007ffc954bb000 	C:\Windows\SYSTEM32\profapi.dll
0x00007ffc788f0000 - 0x00007ffc78900000 	D:\Program Files\Android\Android Studio\jbr\bin\net.dll
0x00007ffc92290000 - 0x00007ffc923bc000 	C:\Windows\SYSTEM32\WINHTTP.dll
0x00007ffc94a90000 - 0x00007ffc94afa000 	C:\Windows\system32\mswsock.dll
0x00007ffc77ef0000 - 0x00007ffc77f06000 	D:\Program Files\Android\Android Studio\jbr\bin\nio.dll
0x00007ffc74530000 - 0x00007ffc74540000 	D:\Program Files\Android\Android Studio\jbr\bin\verify.dll

dbghelp: loaded successfully - version: 4.0.5 - missing functions: none
symbol engine: initialized successfully - sym options: 0x614 - pdb path: .;D:\Program Files\Android\Android Studio\jbr\bin;C:\Windows\SYSTEM32;C:\Windows\WinSxS\amd64_microsoft.windows.common-controls_6595b64144ccf1df_6.0.22621.5262_none_2712bde373830908;D:\Program Files\Android\Android Studio\jbr\bin\server

VM Arguments:
jvm_args: -Dorg.gradle.appname=gradlew 
java_command: org.gradle.wrapper.GradleWrapperMain -q -Ptarget-platform=android-arm64 -Ptarget=D:\MOBILE_PEMOGRAMAN\projek\biodata_app\lib\main.dart -Pbase-application-name=android.app.Application -Pdart-defines=Zmx1dHRlci5pbnNwZWN0b3Iuc3RydWN0dXJlZEVycm9ycz10cnVl,RkxVVFRFUl9WRVJTSU9OPTMuMzUuNA==,RkxVVFRFUl9DSEFOTkVMPXN0YWJsZQ==,RkxVVFRFUl9HSVRfVVJMPWh0dHBzOi8vZ2l0aHViLmNvbS9mbHV0dGVyL2ZsdXR0ZXIuZ2l0,RkxVVFRFUl9GUkFNRVdPUktfUkVWSVNJT049ZDY5M2I0YjlkYg==,RkxVVFRFUl9FTkdJTkVfUkVWSVNJT049YzI5ODA5MTM1MQ==,RkxVVFRFUl9EQVJUX1ZFUlNJT049My45LjI= -Pdart-obfuscation=false -Ptrack-widget-creation=true -Ptree-shake-icons=false -Pfilesystem-scheme=org-dartlang-root assembleDebug
java_class_path (initial): D:\MOBILE_PEMOGRAMAN\projek\biodata_app\android\\gradle\wrapper\gradle-wrapper.jar
Launcher Type: SUN_STANDARD

[Global flags]
     intx CICompilerCount                          = 4                                         {product} {ergonomic}
     uint ConcGCThreads                            = 2                                         {product} {ergonomic}
     uint G1ConcRefinementThreads                  = 8                                         {product} {ergonomic}
   size_t G1HeapRegionSize                         = 1048576                                   {product} {ergonomic}
    uintx GCDrainStackTargetSize                   = 64                                        {product} {ergonomic}
   size_t InitialHeapSize                          = 123731968                                 {product} {ergonomic}
   size_t MarkStackSize                            = 4194304                                   {product} {ergonomic}
   size_t MaxHeapSize                              = 1954545664                                {product} {ergonomic}
   size_t MaxNewSize                               = 1172307968                                {product} {ergonomic}
   size_t MinHeapDeltaBytes                        = 1048576                                   {product} {ergonomic}
   size_t MinHeapSize                              = 8388608                                   {product} {ergonomic}
    uintx NonNMethodCodeHeapSize                   = 5839372                                {pd product} {ergonomic}
    uintx NonProfiledCodeHeapSize                  = 122909434                              {pd product} {ergonomic}
    uintx ProfiledCodeHeapSize                     = 122909434                              {pd product} {ergonomic}
    uintx ReservedCodeCacheSize                    = 251658240                              {pd product} {ergonomic}
     bool SegmentedCodeCache                       = true                                      {product} {ergonomic}
   size_t SoftMaxHeapSize                          = 1954545664                             {manageable} {ergonomic}
     bool UseCompressedOops                        = true                           {product lp64_product} {ergonomic}
     bool UseG1GC                                  = true                                      {product} {ergonomic}
     bool UseLargePagesIndividualAllocation        = false                                  {pd product} {ergonomic}

Logging:
Log output configuration:
 #0: stdout all=warning uptime,level,tags foldmultilines=false
 #1: stderr all=off uptime,level,tags foldmultilines=false

Environment Variables:
JAVA_HOME=D:\Program Files\Android\Android Studio\jbr
CLASSPATH=D:\MOBILE_PEMOGRAMAN\projek\biodata_app\android\\gradle\wrapper\gradle-wrapper.jar
PATH=D:\Program Files\Android\Android Studio\jbr\bin;C:\Windows\System32\WindowsPowerShell\\v1.0\;D:\Program Files\Git\cmd;C:\Windows\System32;C:\Windows;C:\Windows\System32\Wbem;;C:\Users\ASUS\AppData\Local\Android\Sdk\pl;;;;;C:\Users\ASUS\AppData\Local\Android\Sdk\cmdline-tools\latest\bin;;C:\Users\ASUS\AppData\Local\Android\sdk\tools\bin;C:\Windows\System32;D:\MOBILE_PEMOGRAMAN\flutter\bin;C:\Users\ASUS\AppData\Local\Programs\Microsoft VS Code\bin
USERNAME=ASUS
OS=Windows_NT
PROCESSOR_IDENTIFIER=AMD64 Family 23 Model 160 Stepping 0, AuthenticAMD
TMP=C:\Users\ASUS\AppData\Local\Temp
TEMP=C:\Users\ASUS\AppData\Local\Temp




Periodic native trim disabled

JNI global refs:
JNI global refs: 8, weak refs: 0

JNI global refs memory usage: 835, weak refs: 833

Process memory usage:
Resident Set Size: 53332K (0% of 7634556K total physical memory with 23292K free physical memory)

OOME stack traces (most recent first):
Classloader memory used:
Loader bootstrap                                                                       : 8162K
Loader java.net.URLClassLoader                                                         : 214K
Loader jdk.internal.loader.ClassLoaders$AppClassLoader                                 : 147K

---------------  S Y S T E M  ---------------

OS:
 Windows 11 , 64 bit Build 22621 (10.0.22621.5262)
OS uptime: 18 days 12:03 hours

CPU: total 8 (initial active 8) (8 cores per cpu, 2 threads per core) family 23 model 160 stepping 0 microcode 0x0, cx8, cmov, fxsr, ht, mmx, 3dnowpref, sse, sse2, sse3, ssse3, sse4a, sse4.1, sse4.2, popcnt, lzcnt, tsc, tscinvbit, avx, avx2, aes, clmul, bmi1, bmi2, adx, sha, fma, vzeroupper, clflush, clflushopt, rdtscp, rdpid, f16c
Processor Information for the first 8 processors :
  Max Mhz: 2401, Current Mhz: 2401, Mhz Limit: 2401

Memory: 4k page, system-wide physical 7455M (22M free)
TotalPageFile size 26143M (AvailPageFile size 3M)
current process WorkingSet (physical memory assigned to process): 52M, peak: 52M
current process commit charge ("private bytes"): 199M, peak: 200M

vm_info: OpenJDK 64-Bit Server VM (21.0.7+-13880790-b1038.58) for windows-amd64 JRE (21.0.7+-13880790-b1038.58), built on 2025-08-04T20:56:21Z by "builder" with MS VC++ 16.10 / 16.11 (VS2019)

END.
